<?xml version="1.0" encoding="UTF-8"?>
<testsuite xmlns:xsi="http://www.w3.org/2001/XMLSchema-instance" xsi:noNamespaceSchemaLocation="https://maven.apache.org/surefire/maven-surefire-plugin/xsd/surefire-test-report.xsd" name="it.unimol.monopoli.PlayerTest" time="0.133" tests="7" errors="0" skipped="0" failures="0">
  <properties>
[...]
</properties>
  <testcase name="testCostruttoreGUI" classname="it.unimol.monopoli.PlayerTest" time="0.045"/>
  <testcase name="testAdvancesBox" classname="it.unimol.monopoli.PlayerTest" time="0"/>
  <testcase name="testCostruttoreUI" classname="it.unimol.monopoli.PlayerTest" time="0"/>
  <testcase name="tesAddMoney" classname="it.unimol.monopoli.PlayerTest" time="0.001"/>
  <testcase name="testPrison" classname="it.unimol.monopoli.PlayerTest" time="0"/>
  <testcase name="testAddContract" classname="it.unimol.monopoli.PlayerTest" time="0.002"/>
  <testcase name="testSetMoney" classname="it.unimol.monopoli.PlayerTest" time="0.002"/>
</testsuite>